Removed Pin From Net: NetName=Reset Pin=C3-2
Removed Pin From Net: NetName=Reset Pin=CN1-5
Removed Pin From Net: NetName=Reset Pin=SW*-1
Removed Pin From Net: NetName=AD1 Pin=U2-1
Removed Pin From Net: NetName=AD2 Pin=U2-2
Removed Pin From Net: NetName=AD3 Pin=U2-9
Removed Pin From Net: NetName=Reset Pin=U2-29
Removed Pin From Net: NetName=AD0 Pin=U2-32
Change Component Designator: OldDesignator=P? NewDesignator=P1
Added Component: Designator=R5(C1206)
Add component. Clean all parameters for all variants
Add component (AddParameter): Name = "LatestRevisionDate"; Value = "17-Jul-2002"; VariantName = "[No Variations]"
Add component (AddParameter): Name = "LatestRevisionNote"; Value = "Re-released for DXP Platform."; VariantName = "[No Variations]"
Add component (AddParameter): Name = "PackageDescription"; Value = "Axial Device, Thru-Hole; 2 Leads; 0.4 in Pin Spacing"; VariantName = "[No Variations]"
Add component (AddParameter): Name = "PackageReference"; Value = "AXIAL-0.4"; VariantName = "[No Variations]"
Add component (AddParameter): Name = "Published"; Value = "8-Jun-2000"; VariantName = "[No Variations]"
Add component (AddParameter): Name = "Publisher"; Value = "Altium Limited"; VariantName = "[No Variations]"
Add component (AddParameter): Name = "Value"; Value = "1K"; VariantName = "[No Variations]"
Added Pin To Net: NetName=Reset Pin=R5-2
Added Pin To Net: NetName=AD0 Pin=U2-2
Added Pin To Net: NetName=AD1 Pin=U2-9
Added Pin To Net: NetName=AD2 Pin=U2-10
Added Pin To Net: NetName=AD3 Pin=U2-11
Change Net Name : Old Net Name=Reset New Net Name=+5
Added Pin To Net: NetName=Reset Pin=C3-2
Added Pin To Net: NetName=Reset Pin=CN1-5
Added Pin To Net: NetName=Reset Pin=R5-1
Added Pin To Net: NetName=Reset Pin=SW*-1
Added Pin To Net: NetName=Reset Pin=U2-29
Added Net: Name=Reset
Added Member To Class: ClassName=PACUE_V2 Member=Component R5 Res2
